<?xml version="1.0" encoding="UTF-8"?>
<testsuite xmlns:xsi="http://www.w3.org/2001/XMLSchema-instance" xsi:schemaLocation="https://maven.apache.org/surefire/maven-surefire-plugin/xsd/surefire-test-report.xsd" name="testcore.scenarios.ScriptFlows" time="17.111" tests="1" errors="0" skipped="0" failures="0">
  <properties>
    <property name="platform" value="DESKTOP_WEB"/>
    <property name="java.runtime.name" value="Java(TM) SE Runtime Environment"/>
    <property name="sun.boot.library.path" value="/usr/share/jdk1.8.0_192/jre/lib/amd64"/>
    <property name="java.vm.version" value="25.192-b12"/>
    <property name="browser" value="Chrome"/>
    <property name="app_browser_url" value="https://egov-micro-qa.egovernments.org/employee/user/login"/>
    <property name="java.vm.vendor" value="Oracle Corporation"/>
    <property name="maven.multiModuleProjectDirectory" value="/home/ubuntu/Documents/Test/EGov"/>
    <property name="java.vendor.url" value="http://java.oracle.com/"/>
    <property name="path.separator" value=":"/>
    <property name="guice.disable.misplaced.annotation.check" value="true"/>
    <property name="java.vm.name" value="Java HotSpot(TM) 64-Bit Server VM"/>
    <property name="file.encoding.pkg" value="sun.io"/>
    <property name="user.country" value="IN"/>
    <property name="sun.java.launcher" value="SUN_STANDARD"/>
    <property name="sun.os.patch.level" value="unknown"/>
    <property name="test" value="testcore.scenarios.ScriptFlows#rejectComplaintGRO"/>
    <property name="java.vm.specification.name" value="Java Virtual Machine Specification"/>
    <property name="user.dir" value="/home/ubuntu/Documents/Test/EGov"/>
    <property name="java.runtime.version" value="1.8.0_192-b12"/>
    <property name="java.awt.graphicsenv" value="sun.awt.X11GraphicsEnvironment"/>
    <property name="java.endorsed.dirs" value="/usr/share/jdk1.8.0_192/jre/lib/endorsed"/>
    <property name="os.arch" value="amd64"/>
    <property name="java.io.tmpdir" value="/tmp"/>
    <property name="line.separator" value="&#10;"/>
    <property name="java.vm.specification.vendor" value="Oracle Corporation"/>
    <property name="os.name" value="Linux"/>
    <property name="classworlds.conf" value="/usr/share/maven/bin/m2.conf"/>
    <property name="sun.jnu.encoding" value="UTF-8"/>
    <property name="java.library.path" value="/usr/java/packages/lib/amd64:/usr/lib64:/lib64:/lib:/usr/lib"/>
    <property name="maven.conf" value="/usr/share/maven/conf"/>
    <property name="java.specification.name" value="Java Platform API Specification"/>
    <property name="java.class.version" value="52.0"/>
    <property name="sun.management.compiler" value="HotSpot 64-Bit Tiered Compilers"/>
    <property name="os.version" value="4.15.0-42-generic"/>
    <property name="appium_url" value="http://127.0.0.1:13001/wd/hub"/>
    <property name="library.jansi.path" value="/usr/share/maven/lib/jansi-native"/>
    <property name="user.home" value="/home/ubuntu"/>
    <property name="user.timezone" value="Asia/Kolkata"/>
    <property name="java.awt.printerjob" value="sun.print.PSPrinterJob"/>
    <property name="java.specification.version" value="1.8"/>
    <property name="file.encoding" value="UTF-8"/>
    <property name="browser_driver_path" value="/usr/bin/chromedriver"/>
    <property name="browser_resolution_width" value="1920"/>
    <property name="browser_resolution_height" value="1080"/>
    <property name="user.name" value="ubuntu"/>
    <property name="java.class.path" value="/usr/share/maven/boot/plexus-classworlds-2.x.jar"/>
    <property name="java.vm.specification.version" value="1.8"/>
    <property name="sun.arch.data.model" value="64"/>
    <property name="java.home" value="/usr/share/jdk1.8.0_192/jre"/>
    <property name="sun.java.command" value="org.codehaus.plexus.classworlds.launcher.Launcher -Dplatform=DESKTOP_WEB -Dappium_url=http://127.0.0.1:13001/wd/hub -Dapp_browser_url=https://egov-micro-qa.egovernments.org/employee/user/login -Dbrowser_bin_path=/usr/bin/google-chrome -Dbrowser_driver_path=/usr/bin/chromedriver -Dbrowser=Chrome -Dbrowser_resolution_width=1920 -Dbrowser_resolution_height=1080 -Dscreenshot_path=screenshots/ -Dtest=testcore.scenarios.ScriptFlows#rejectComplaintGRO test"/>
    <property name="java.specification.vendor" value="Oracle Corporation"/>
    <property name="user.language" value="en"/>
    <property name="awt.toolkit" value="sun.awt.X11.XToolkit"/>
    <property name="java.vm.info" value="mixed mode"/>
    <property name="java.version" value="1.8.0_192"/>
    <property name="java.ext.dirs" value="/usr/share/jdk1.8.0_192/jre/lib/ext:/usr/java/packages/lib/ext"/>
    <property name="securerandom.source" value="file:/dev/./urandom"/>
    <property name="sun.boot.class.path" value="/usr/share/jdk1.8.0_192/jre/lib/resources.jar:/usr/share/jdk1.8.0_192/jre/lib/rt.jar:/usr/share/jdk1.8.0_192/jre/lib/sunrsasign.jar:/usr/share/jdk1.8.0_192/jre/lib/jsse.jar:/usr/share/jdk1.8.0_192/jre/lib/jce.jar:/usr/share/jdk1.8.0_192/jre/lib/charsets.jar:/usr/share/jdk1.8.0_192/jre/lib/jfr.jar:/usr/share/jdk1.8.0_192/jre/classes"/>
    <property name="java.vendor" value="Oracle Corporation"/>
    <property name="maven.home" value="/usr/share/maven"/>
    <property name="file.separator" value="/"/>
    <property name="java.vendor.url.bug" value="http://bugreport.sun.com/bugreport/"/>
    <property name="sun.cpu.endian" value="little"/>
    <property name="sun.io.unicode.encoding" value="UnicodeLittle"/>
    <property name="screenshot_path" value="screenshots/"/>
    <property name="sun.desktop" value="gnome"/>
    <property name="browser_bin_path" value="/usr/bin/google-chrome"/>
    <property name="sun.cpu.isalist" value=""/>
  </properties>
  <testcase name="rejectComplaintGRO" classname="testcore.scenarios.ScriptFlows" time="10.344"/>
</testsuite>