<?xml version="1.0" encoding="UTF-8"?>
<!-- Generated by org.testng.reporters.JUnitReportReporter -->
<testsuite skipped="0" hostname="Lata-Naik" name="testcore.scenarios.ScriptFlows" tests="1" failures="0" timestamp="19 Dec 2018 07:18:13 GMT" time="29.338" errors="0">
  <testcase name="fileComplaintCitizen" time="29.338" classname="testcore.scenarios.ScriptFlows"/>
</testsuite> <!-- testcore.scenarios.ScriptFlows -->
