<?xml version="1.0" encoding="UTF-8"?>
<!-- Generated by org.testng.reporters.JUnitReportReporter -->
<testsuite skipped="0" hostname="egov-laptop" name="testcore.scenarios.ScriptFlows" tests="1" failures="0" timestamp="03 Jan 2019 07:25:08 GMT" time="92.867" errors="0">
  <testcase name="createCommercialPropertyTaxAndMakePartialPaymentCitizen" time="92.867" classname="testcore.scenarios.ScriptFlows"/>
</testsuite> <!-- testcore.scenarios.ScriptFlows -->
