<?xml version="1.0" encoding="UTF-8"?>
<!-- Generated by org.testng.reporters.JUnitReportReporter -->
<testsuite skipped="0" hostname="egov-laptop" name="testcore.scenarios.ScriptFlows" tests="1" failures="0" timestamp="27 Dec 2018 14:06:57 GMT" time="77.679" errors="0">
  <testcase name="createPropertyTaxCitizen" time="77.679" classname="testcore.scenarios.ScriptFlows"/>
</testsuite> <!-- testcore.scenarios.ScriptFlows -->
