<?xml version="1.0" encoding="UTF-8"?>
<!-- Generated by org.testng.reporters.JUnitReportReporter -->
<testsuite skipped="0" hostname="Lata-Naik" name="testcore.scenarios.ScriptFlows" tests="1" failures="0" timestamp="19 Dec 2018 11:23:32 GMT" time="16.723" errors="0">
  <testcase name="rejectComplaintGRO" time="16.723" classname="testcore.scenarios.ScriptFlows"/>
</testsuite> <!-- testcore.scenarios.ScriptFlows -->
